{"C:\\Users\\patel\\OneDrive - SARDAR VALLABHBHAI PATEL INSTITUTE OF TECHNOLOGY, SVIT\\Desktop\\UWin\\Semester 2\\ADT\\Assignment\\Assignment 1\\cinemate\\backend\\app.js": {"path":"C:\\Users\\patel\\OneDrive - SARDAR VALLABHBHAI PATEL INSTITUTE OF TECHNOLOGY, SVIT\\Desktop\\UWin\\Semester 2\\ADT\\Assignment\\Assignment 1\\cinemate\\backend\\app.js","statementMap":{"0":{"start":{"line":1,"column":16},"end":{"line":1,"column":34}},"1":{"start":{"line":2,"column":17},"end":{"line":2,"column":36}},"2":{"start":{"line":4,"column":23},"end":{"line":4,"column":55}},"3":{"start":{"line":5,"column":20},"end":{"line":5,"column":49}},"4":{"start":{"line":6,"column":21},"end":{"line":6,"column":51}},"5":{"start":{"line":8,"column":12},"end":{"line":8,"column":21}},"6":{"start":{"line":9,"column":0},"end":{"line":9,"column":24}},"7":{"start":{"line":11,"column":15},"end":{"line":11,"column":129}},"8":{"start":{"line":13,"column":0},"end":{"line":18,"column":1}},"9":{"start":{"line":14,"column":0},"end":{"line":17,"column":36}},"10":{"start":{"line":16,"column":14},"end":{"line":16,"column":59}},"11":{"start":{"line":17,"column":18},"end":{"line":17,"column":34}},"12":{"start":{"line":20,"column":0},"end":{"line":20,"column":38}},"13":{"start":{"line":21,"column":0},"end":{"line":21,"column":32}},"14":{"start":{"line":22,"column":0},"end":{"line":22,"column":34}},"15":{"start":{"line":24,"column":0},"end":{"line":26,"column":3}},"16":{"start":{"line":25,"column":2},"end":{"line":25,"column":32}},"17":{"start":{"line":28,"column":13},"end":{"line":28,"column":17}},"18":{"start":{"line":29,"column":0},"end":{"line":33,"column":1}},"19":{"start":{"line":30,"column":2},"end":{"line":32,"column":5}},"20":{"start":{"line":31,"column":4},"end":{"line":31,"column":53}},"21":{"start":{"line":35,"column":0},"end":{"line":35,"column":21}}},"fnMap":{"0":{"name":"(anonymous_0)","decl":{"start":{"line":16,"column":8},"end":{"line":16,"column":9}},"loc":{"start":{"line":16,"column":14},"end":{"line":16,"column":59}},"line":16},"1":{"name":"(anonymous_1)","decl":{"start":{"line":17,"column":9},"end":{"line":17,"column":10}},"loc":{"start":{"line":17,"column":18},"end":{"line":17,"column":34}},"line":17},"2":{"name":"(anonymous_2)","decl":{"start":{"line":24,"column":17},"end":{"line":24,"column":18}},"loc":{"start":{"line":24,"column":31},"end":{"line":26,"column":1}},"line":24},"3":{"name":"(anonymous_3)","decl":{"start":{"line":30,"column":19},"end":{"line":30,"column":20}},"loc":{"start":{"line":30,"column":25},"end":{"line":32,"column":3}},"line":30}},"branchMap":{"0":{"loc":{"start":{"line":13,"column":0},"end":{"line":18,"column":1}},"type":"if","locations":[{"start":{"line":13,"column":0},"end":{"line":18,"column":1}},{"start":{},"end":{}}],"line":13},"1":{"loc":{"start":{"line":29,"column":0},"end":{"line":33,"column":1}},"type":"if","locations":[{"start":{"line":29,"column":0},"end":{"line":33,"column":1}},{"start":{},"end":{}}],"line":29}},"s":{"0":3,"1":3,"2":3,"3":3,"4":3,"5":3,"6":3,"7":3,"8":3,"9":0,"10":0,"11":0,"12":3,"13":3,"14":3,"15":3,"16":0,"17":3,"18":3,"19":0,"20":0,"21":3},"f":{"0":0,"1":0,"2":0,"3":0},"b":{"0":[0,3],"1":[0,3]},"_coverageSchema":"1a1c01bbd47fc00a2c39e90264f33305004495a9","hash":"150d891fda16cebffc1162736d25e43c3d16d2d9"}
,"C:\\Users\\patel\\OneDrive - SARDAR VALLABHBHAI PATEL INSTITUTE OF TECHNOLOGY, SVIT\\Desktop\\UWin\\Semester 2\\ADT\\Assignment\\Assignment 1\\cinemate\\backend\\models\\movie.js": {"path":"C:\\Users\\patel\\OneDrive - SARDAR VALLABHBHAI PATEL INSTITUTE OF TECHNOLOGY, SVIT\\Desktop\\UWin\\Semester 2\\ADT\\Assignment\\Assignment 1\\cinemate\\backend\\models\\movie.js","statementMap":{"0":{"start":{"line":1,"column":17},"end":{"line":1,"column":36}},"1":{"start":{"line":2,"column":19},"end":{"line":2,"column":27}},"2":{"start":{"line":4,"column":20},"end":{"line":23,"column":2}},"3":{"start":{"line":25,"column":0},"end":{"line":25,"column":54}}},"fnMap":{},"branchMap":{},"s":{"0":3,"1":3,"2":3,"3":3},"f":{},"b":{},"_coverageSchema":"1a1c01bbd47fc00a2c39e90264f33305004495a9","hash":"7c6550e4664b8b057430068898595aad34a17f04"}
,"C:\\Users\\patel\\OneDrive - SARDAR VALLABHBHAI PATEL INSTITUTE OF TECHNOLOGY, SVIT\\Desktop\\UWin\\Semester 2\\ADT\\Assignment\\Assignment 1\\cinemate\\backend\\models\\review.js": {"path":"C:\\Users\\patel\\OneDrive - SARDAR VALLABHBHAI PATEL INSTITUTE OF TECHNOLOGY, SVIT\\Desktop\\UWin\\Semester 2\\ADT\\Assignment\\Assignment 1\\cinemate\\backend\\models\\review.js","statementMap":{"0":{"start":{"line":1,"column":17},"end":{"line":1,"column":36}},"1":{"start":{"line":2,"column":19},"end":{"line":2,"column":27}},"2":{"start":{"line":4,"column":21},"end":{"line":27,"column":2}},"3":{"start":{"line":29,"column":0},"end":{"line":29,"column":56}}},"fnMap":{},"branchMap":{},"s":{"0":3,"1":3,"2":3,"3":3},"f":{},"b":{},"_coverageSchema":"1a1c01bbd47fc00a2c39e90264f33305004495a9","hash":"c11f0c8dbdf98bacd290a4772387086310db9ae2"}
,"C:\\Users\\patel\\OneDrive - SARDAR VALLABHBHAI PATEL INSTITUTE OF TECHNOLOGY, SVIT\\Desktop\\UWin\\Semester 2\\ADT\\Assignment\\Assignment 1\\cinemate\\backend\\models\\reviewer.js": {"path":"C:\\Users\\patel\\OneDrive - SARDAR VALLABHBHAI PATEL INSTITUTE OF TECHNOLOGY, SVIT\\Desktop\\UWin\\Semester 2\\ADT\\Assignment\\Assignment 1\\cinemate\\backend\\models\\reviewer.js","statementMap":{"0":{"start":{"line":1,"column":17},"end":{"line":1,"column":36}},"1":{"start":{"line":2,"column":19},"end":{"line":2,"column":27}},"2":{"start":{"line":4,"column":23},"end":{"line":23,"column":2}},"3":{"start":{"line":25,"column":0},"end":{"line":25,"column":60}}},"fnMap":{},"branchMap":{},"s":{"0":3,"1":3,"2":3,"3":3},"f":{},"b":{},"_coverageSchema":"1a1c01bbd47fc00a2c39e90264f33305004495a9","hash":"a2461274517a635e08405bd47ca2217f9d13d988"}
,"C:\\Users\\patel\\OneDrive - SARDAR VALLABHBHAI PATEL INSTITUTE OF TECHNOLOGY, SVIT\\Desktop\\UWin\\Semester 2\\ADT\\Assignment\\Assignment 1\\cinemate\\backend\\routes\\movies.js": {"path":"C:\\Users\\patel\\OneDrive - SARDAR VALLABHBHAI PATEL INSTITUTE OF TECHNOLOGY, SVIT\\Desktop\\UWin\\Semester 2\\ADT\\Assignment\\Assignment 1\\cinemate\\backend\\routes\\movies.js","statementMap":{"0":{"start":{"line":1,"column":16},"end":{"line":1,"column":34}},"1":{"start":{"line":2,"column":15},"end":{"line":2,"column":32}},"2":{"start":{"line":3,"column":14},"end":{"line":3,"column":43}},"3":{"start":{"line":4,"column":17},"end":{"line":4,"column":49}},"4":{"start":{"line":6,"column":17},"end":{"line":6,"column":51}},"5":{"start":{"line":10,"column":4},"end":{"line":10,"column":42}},"6":{"start":{"line":12,"column":15},"end":{"line":12,"column":31}},"7":{"start":{"line":15,"column":0},"end":{"line":55,"column":3}},"8":{"start":{"line":16,"column":4},"end":{"line":54,"column":5}},"9":{"start":{"line":17,"column":65},"end":{"line":17,"column":73}},"10":{"start":{"line":20,"column":34},"end":{"line":20,"column":70}},"11":{"start":{"line":21,"column":12},"end":{"line":23,"column":13}},"12":{"start":{"line":22,"column":16},"end":{"line":22,"column":96}},"13":{"start":{"line":26,"column":34},"end":{"line":26,"column":88}},"14":{"start":{"line":27,"column":12},"end":{"line":29,"column":13}},"15":{"start":{"line":28,"column":16},"end":{"line":28,"column":80}},"16":{"start":{"line":32,"column":28},"end":{"line":32,"column":65}},"17":{"start":{"line":33,"column":8},"end":{"line":34,"column":92}},"18":{"start":{"line":34,"column":12},"end":{"line":34,"column":92}},"19":{"start":{"line":37,"column":25},"end":{"line":42,"column":10}},"20":{"start":{"line":45,"column":27},"end":{"line":45,"column":48}},"21":{"start":{"line":46,"column":31},"end":{"line":46,"column":98}},"22":{"start":{"line":47,"column":8},"end":{"line":47,"column":120}},"23":{"start":{"line":50,"column":8},"end":{"line":52,"column":9}},"24":{"start":{"line":51,"column":12},"end":{"line":51,"column":111}},"25":{"start":{"line":53,"column":8},"end":{"line":53,"column":93}},"26":{"start":{"line":58,"column":0},"end":{"line":66,"column":3}},"27":{"start":{"line":59,"column":4},"end":{"line":65,"column":5}},"28":{"start":{"line":61,"column":26},"end":{"line":61,"column":75}},"29":{"start":{"line":62,"column":8},"end":{"line":62,"column":99}},"30":{"start":{"line":64,"column":8},"end":{"line":64,"column":96}},"31":{"start":{"line":69,"column":0},"end":{"line":81,"column":3}},"32":{"start":{"line":70,"column":4},"end":{"line":80,"column":5}},"33":{"start":{"line":71,"column":26},"end":{"line":71,"column":36}},"34":{"start":{"line":73,"column":29},"end":{"line":73,"column":90}},"35":{"start":{"line":74,"column":8},"end":{"line":75,"column":72}},"36":{"start":{"line":75,"column":12},"end":{"line":75,"column":72}},"37":{"start":{"line":77,"column":8},"end":{"line":77,"column":102}},"38":{"start":{"line":79,"column":8},"end":{"line":79,"column":104}},"39":{"start":{"line":84,"column":0},"end":{"line":144,"column":3}},"40":{"start":{"line":85,"column":4},"end":{"line":143,"column":5}},"41":{"start":{"line":86,"column":40},"end":{"line":86,"column":50}},"42":{"start":{"line":87,"column":76},"end":{"line":87,"column":84}},"43":{"start":{"line":90,"column":30},"end":{"line":90,"column":66}},"44":{"start":{"line":91,"column":8},"end":{"line":93,"column":9}},"45":{"start":{"line":92,"column":12},"end":{"line":92,"column":92}},"46":{"start":{"line":96,"column":30},"end":{"line":96,"column":84}},"47":{"start":{"line":97,"column":8},"end":{"line":99,"column":9}},"48":{"start":{"line":98,"column":12},"end":{"line":98,"column":76}},"49":{"start":{"line":102,"column":27},"end":{"line":102,"column":71}},"50":{"start":{"line":103,"column":8},"end":{"line":105,"column":9}},"51":{"start":{"line":104,"column":12},"end":{"line":104,"column":72}},"52":{"start":{"line":108,"column":8},"end":{"line":110,"column":9}},"53":{"start":{"line":109,"column":12},"end":{"line":109,"column":110}},"54":{"start":{"line":113,"column":27},"end":{"line":113,"column":29}},"55":{"start":{"line":116,"column":8},"end":{"line":124,"column":9}},"56":{"start":{"line":117,"column":30},"end":{"line":117,"column":70}},"57":{"start":{"line":118,"column":12},"end":{"line":121,"column":13}},"58":{"start":{"line":120,"column":16},"end":{"line":120,"column":80}},"59":{"start":{"line":123,"column":12},"end":{"line":123,"column":40}},"60":{"start":{"line":127,"column":8},"end":{"line":127,"column":62}},"61":{"start":{"line":127,"column":25},"end":{"line":127,"column":62}},"62":{"start":{"line":128,"column":8},"end":{"line":128,"column":44}},"63":{"start":{"line":128,"column":19},"end":{"line":128,"column":44}},"64":{"start":{"line":131,"column":29},"end":{"line":135,"column":40}},"65":{"start":{"line":137,"column":8},"end":{"line":137,"column":122}},"66":{"start":{"line":139,"column":8},"end":{"line":141,"column":9}},"67":{"start":{"line":140,"column":12},"end":{"line":140,"column":113}},"68":{"start":{"line":142,"column":8},"end":{"line":142,"column":95}},"69":{"start":{"line":147,"column":0},"end":{"line":181,"column":3}},"70":{"start":{"line":148,"column":4},"end":{"line":180,"column":5}},"71":{"start":{"line":149,"column":26},"end":{"line":149,"column":36}},"72":{"start":{"line":150,"column":39},"end":{"line":150,"column":47}},"73":{"start":{"line":153,"column":30},"end":{"line":153,"column":66}},"74":{"start":{"line":154,"column":8},"end":{"line":156,"column":9}},"75":{"start":{"line":155,"column":12},"end":{"line":155,"column":92}},"76":{"start":{"line":159,"column":30},"end":{"line":159,"column":84}},"77":{"start":{"line":160,"column":8},"end":{"line":162,"column":9}},"78":{"start":{"line":161,"column":12},"end":{"line":161,"column":76}},"79":{"start":{"line":165,"column":27},"end":{"line":165,"column":57}},"80":{"start":{"line":166,"column":8},"end":{"line":168,"column":9}},"81":{"start":{"line":167,"column":12},"end":{"line":167,"column":72}},"82":{"start":{"line":171,"column":8},"end":{"line":173,"column":9}},"83":{"start":{"line":172,"column":12},"end":{"line":172,"column":110}},"84":{"start":{"line":175,"column":8},"end":{"line":175,"column":41}},"85":{"start":{"line":176,"column":8},"end":{"line":176,"column":88}},"86":{"start":{"line":179,"column":8},"end":{"line":179,"column":95}},"87":{"start":{"line":183,"column":0},"end":{"line":183,"column":24}}},"fnMap":{"0":{"name":"(anonymous_0)","decl":{"start":{"line":15,"column":51},"end":{"line":15,"column":52}},"loc":{"start":{"line":15,"column":71},"end":{"line":55,"column":1}},"line":15},"1":{"name":"(anonymous_1)","decl":{"start":{"line":58,"column":19},"end":{"line":58,"column":20}},"loc":{"start":{"line":58,"column":39},"end":{"line":66,"column":1}},"line":58},"2":{"name":"(anonymous_2)","decl":{"start":{"line":69,"column":66},"end":{"line":69,"column":67}},"loc":{"start":{"line":69,"column":86},"end":{"line":81,"column":1}},"line":69},"3":{"name":"(anonymous_3)","decl":{"start":{"line":84,"column":105},"end":{"line":84,"column":106}},"loc":{"start":{"line":84,"column":125},"end":{"line":144,"column":1}},"line":84},"4":{"name":"(anonymous_4)","decl":{"start":{"line":147,"column":70},"end":{"line":147,"column":71}},"loc":{"start":{"line":147,"column":90},"end":{"line":181,"column":1}},"line":147}},"branchMap":{"0":{"loc":{"start":{"line":21,"column":12},"end":{"line":23,"column":13}},"type":"if","locations":[{"start":{"line":21,"column":12},"end":{"line":23,"column":13}},{"start":{},"end":{}}],"line":21},"1":{"loc":{"start":{"line":27,"column":12},"end":{"line":29,"column":13}},"type":"if","locations":[{"start":{"line":27,"column":12},"end":{"line":29,"column":13}},{"start":{},"end":{}}],"line":27},"2":{"loc":{"start":{"line":33,"column":8},"end":{"line":34,"column":92}},"type":"if","locations":[{"start":{"line":33,"column":8},"end":{"line":34,"column":92}},{"start":{},"end":{}}],"line":33},"3":{"loc":{"start":{"line":50,"column":8},"end":{"line":52,"column":9}},"type":"if","locations":[{"start":{"line":50,"column":8},"end":{"line":52,"column":9}},{"start":{},"end":{}}],"line":50},"4":{"loc":{"start":{"line":74,"column":8},"end":{"line":75,"column":72}},"type":"if","locations":[{"start":{"line":74,"column":8},"end":{"line":75,"column":72}},{"start":{},"end":{}}],"line":74},"5":{"loc":{"start":{"line":91,"column":8},"end":{"line":93,"column":9}},"type":"if","locations":[{"start":{"line":91,"column":8},"end":{"line":93,"column":9}},{"start":{},"end":{}}],"line":91},"6":{"loc":{"start":{"line":97,"column":8},"end":{"line":99,"column":9}},"type":"if","locations":[{"start":{"line":97,"column":8},"end":{"line":99,"column":9}},{"start":{},"end":{}}],"line":97},"7":{"loc":{"start":{"line":103,"column":8},"end":{"line":105,"column":9}},"type":"if","locations":[{"start":{"line":103,"column":8},"end":{"line":105,"column":9}},{"start":{},"end":{}}],"line":103},"8":{"loc":{"start":{"line":108,"column":8},"end":{"line":110,"column":9}},"type":"if","locations":[{"start":{"line":108,"column":8},"end":{"line":110,"column":9}},{"start":{},"end":{}}],"line":108},"9":{"loc":{"start":{"line":116,"column":8},"end":{"line":124,"column":9}},"type":"if","locations":[{"start":{"line":116,"column":8},"end":{"line":124,"column":9}},{"start":{},"end":{}}],"line":116},"10":{"loc":{"start":{"line":116,"column":12},"end":{"line":116,"column":49}},"type":"binary-expr","locations":[{"start":{"line":116,"column":12},"end":{"line":116,"column":20}},{"start":{"line":116,"column":24},"end":{"line":116,"column":49}}],"line":116},"11":{"loc":{"start":{"line":118,"column":12},"end":{"line":121,"column":13}},"type":"if","locations":[{"start":{"line":118,"column":12},"end":{"line":121,"column":13}},{"start":{},"end":{}}],"line":118},"12":{"loc":{"start":{"line":127,"column":8},"end":{"line":127,"column":62}},"type":"if","locations":[{"start":{"line":127,"column":8},"end":{"line":127,"column":62}},{"start":{},"end":{}}],"line":127},"13":{"loc":{"start":{"line":128,"column":8},"end":{"line":128,"column":44}},"type":"if","locations":[{"start":{"line":128,"column":8},"end":{"line":128,"column":44}},{"start":{},"end":{}}],"line":128},"14":{"loc":{"start":{"line":139,"column":8},"end":{"line":141,"column":9}},"type":"if","locations":[{"start":{"line":139,"column":8},"end":{"line":141,"column":9}},{"start":{},"end":{}}],"line":139},"15":{"loc":{"start":{"line":154,"column":8},"end":{"line":156,"column":9}},"type":"if","locations":[{"start":{"line":154,"column":8},"end":{"line":156,"column":9}},{"start":{},"end":{}}],"line":154},"16":{"loc":{"start":{"line":160,"column":8},"end":{"line":162,"column":9}},"type":"if","locations":[{"start":{"line":160,"column":8},"end":{"line":162,"column":9}},{"start":{},"end":{}}],"line":160},"17":{"loc":{"start":{"line":166,"column":8},"end":{"line":168,"column":9}},"type":"if","locations":[{"start":{"line":166,"column":8},"end":{"line":168,"column":9}},{"start":{},"end":{}}],"line":166},"18":{"loc":{"start":{"line":171,"column":8},"end":{"line":173,"column":9}},"type":"if","locations":[{"start":{"line":171,"column":8},"end":{"line":173,"column":9}},{"start":{},"end":{}}],"line":171}},"s":{"0":3,"1":3,"2":3,"3":3,"4":3,"5":3,"6":3,"7":3,"8":16,"9":16,"10":16,"11":16,"12":0,"13":16,"14":16,"15":0,"16":16,"17":16,"18":1,"19":15,"20":15,"21":15,"22":15,"23":0,"24":0,"25":0,"26":3,"27":2,"28":2,"29":2,"30":0,"31":3,"32":1,"33":1,"34":1,"35":1,"36":1,"37":0,"38":0,"39":3,"40":2,"41":2,"42":2,"43":2,"44":2,"45":0,"46":2,"47":2,"48":0,"49":2,"50":2,"51":0,"52":2,"53":1,"54":1,"55":1,"56":1,"57":1,"58":0,"59":1,"60":1,"61":1,"62":1,"63":1,"64":1,"65":1,"66":0,"67":0,"68":0,"69":3,"70":3,"71":3,"72":3,"73":3,"74":3,"75":0,"76":3,"77":3,"78":0,"79":3,"80":3,"81":1,"82":2,"83":1,"84":1,"85":1,"86":0,"87":3},"f":{"0":16,"1":2,"2":1,"3":2,"4":3},"b":{"0":[0,16],"1":[0,16],"2":[1,15],"3":[0,0],"4":[1,0],"5":[0,2],"6":[0,2],"7":[0,2],"8":[1,1],"9":[1,0],"10":[1,1],"11":[0,1],"12":[1,0],"13":[1,0],"14":[0,0],"15":[0,3],"16":[0,3],"17":[1,2],"18":[1,1]},"_coverageSchema":"1a1c01bbd47fc00a2c39e90264f33305004495a9","hash":"87ef3c20f5befbb40f559ebc0b565c2bbbb9e8f5"}
,"C:\\Users\\patel\\OneDrive - SARDAR VALLABHBHAI PATEL INSTITUTE OF TECHNOLOGY, SVIT\\Desktop\\UWin\\Semester 2\\ADT\\Assignment\\Assignment 1\\cinemate\\backend\\routes\\reviewers.js": {"path":"C:\\Users\\patel\\OneDrive - SARDAR VALLABHBHAI PATEL INSTITUTE OF TECHNOLOGY, SVIT\\Desktop\\UWin\\Semester 2\\ADT\\Assignment\\Assignment 1\\cinemate\\backend\\routes\\reviewers.js","statementMap":{"0":{"start":{"line":1,"column":16},"end":{"line":1,"column":34}},"1":{"start":{"line":2,"column":15},"end":{"line":2,"column":32}},"2":{"start":{"line":3,"column":17},"end":{"line":3,"column":49}},"3":{"start":{"line":5,"column":17},"end":{"line":5,"column":51}},"4":{"start":{"line":10,"column":4},"end":{"line":10,"column":45}},"5":{"start":{"line":12,"column":15},"end":{"line":12,"column":31}},"6":{"start":{"line":15,"column":0},"end":{"line":46,"column":3}},"7":{"start":{"line":16,"column":4},"end":{"line":45,"column":5}},"8":{"start":{"line":17,"column":46},"end":{"line":17,"column":54}},"9":{"start":{"line":20,"column":27},"end":{"line":20,"column":67}},"10":{"start":{"line":21,"column":8},"end":{"line":22,"column":102}},"11":{"start":{"line":22,"column":12},"end":{"line":22,"column":102}},"12":{"start":{"line":25,"column":31},"end":{"line":25,"column":77}},"13":{"start":{"line":26,"column":8},"end":{"line":27,"column":106}},"14":{"start":{"line":27,"column":12},"end":{"line":27,"column":106}},"15":{"start":{"line":30,"column":31},"end":{"line":30,"column":62}},"16":{"start":{"line":31,"column":28},"end":{"line":35,"column":10}},"17":{"start":{"line":38,"column":30},"end":{"line":38,"column":54}},"18":{"start":{"line":39,"column":8},"end":{"line":39,"column":107}},"19":{"start":{"line":41,"column":8},"end":{"line":43,"column":9}},"20":{"start":{"line":42,"column":12},"end":{"line":42,"column":114}},"21":{"start":{"line":44,"column":8},"end":{"line":44,"column":96}},"22":{"start":{"line":49,"column":0},"end":{"line":69,"column":3}},"23":{"start":{"line":50,"column":4},"end":{"line":68,"column":5}},"24":{"start":{"line":51,"column":39},"end":{"line":51,"column":47}},"25":{"start":{"line":54,"column":30},"end":{"line":54,"column":66}},"26":{"start":{"line":55,"column":8},"end":{"line":57,"column":9}},"27":{"start":{"line":56,"column":12},"end":{"line":56,"column":92}},"28":{"start":{"line":60,"column":30},"end":{"line":60,"column":84}},"29":{"start":{"line":61,"column":8},"end":{"line":63,"column":9}},"30":{"start":{"line":62,"column":12},"end":{"line":62,"column":76}},"31":{"start":{"line":65,"column":8},"end":{"line":65,"column":104}},"32":{"start":{"line":67,"column":8},"end":{"line":67,"column":91}},"33":{"start":{"line":72,"column":0},"end":{"line":80,"column":3}},"34":{"start":{"line":73,"column":4},"end":{"line":79,"column":5}},"35":{"start":{"line":75,"column":25},"end":{"line":75,"column":66}},"36":{"start":{"line":76,"column":8},"end":{"line":76,"column":100}},"37":{"start":{"line":78,"column":8},"end":{"line":78,"column":99}},"38":{"start":{"line":83,"column":0},"end":{"line":96,"column":3}},"39":{"start":{"line":84,"column":4},"end":{"line":95,"column":5}},"40":{"start":{"line":85,"column":29},"end":{"line":85,"column":39}},"41":{"start":{"line":88,"column":25},"end":{"line":88,"column":81}},"42":{"start":{"line":89,"column":8},"end":{"line":90,"column":75}},"43":{"start":{"line":90,"column":12},"end":{"line":90,"column":75}},"44":{"start":{"line":92,"column":8},"end":{"line":92,"column":104}},"45":{"start":{"line":94,"column":8},"end":{"line":94,"column":110}},"46":{"start":{"line":99,"column":0},"end":{"line":153,"column":3}},"47":{"start":{"line":100,"column":4},"end":{"line":152,"column":5}},"48":{"start":{"line":101,"column":29},"end":{"line":101,"column":39}},"49":{"start":{"line":102,"column":59},"end":{"line":102,"column":67}},"50":{"start":{"line":105,"column":30},"end":{"line":105,"column":76}},"51":{"start":{"line":106,"column":8},"end":{"line":108,"column":9}},"52":{"start":{"line":107,"column":12},"end":{"line":107,"column":75}},"53":{"start":{"line":111,"column":27},"end":{"line":111,"column":29}},"54":{"start":{"line":114,"column":8},"end":{"line":122,"column":9}},"55":{"start":{"line":115,"column":30},"end":{"line":115,"column":79}},"56":{"start":{"line":116,"column":12},"end":{"line":119,"column":13}},"57":{"start":{"line":118,"column":16},"end":{"line":118,"column":83}},"58":{"start":{"line":121,"column":12},"end":{"line":121,"column":46}},"59":{"start":{"line":125,"column":8},"end":{"line":131,"column":9}},"60":{"start":{"line":126,"column":32},"end":{"line":126,"column":72}},"61":{"start":{"line":127,"column":12},"end":{"line":129,"column":13}},"62":{"start":{"line":128,"column":16},"end":{"line":128,"column":80}},"63":{"start":{"line":130,"column":12},"end":{"line":130,"column":37}},"64":{"start":{"line":134,"column":8},"end":{"line":137,"column":9}},"65":{"start":{"line":135,"column":35},"end":{"line":135,"column":66}},"66":{"start":{"line":136,"column":12},"end":{"line":136,"column":49}},"67":{"start":{"line":140,"column":32},"end":{"line":144,"column":9}},"68":{"start":{"line":146,"column":8},"end":{"line":146,"column":110}},"69":{"start":{"line":148,"column":8},"end":{"line":150,"column":9}},"70":{"start":{"line":149,"column":12},"end":{"line":149,"column":116}},"71":{"start":{"line":151,"column":8},"end":{"line":151,"column":98}},"72":{"start":{"line":156,"column":0},"end":{"line":180,"column":3}},"73":{"start":{"line":157,"column":4},"end":{"line":179,"column":5}},"74":{"start":{"line":158,"column":39},"end":{"line":158,"column":47}},"75":{"start":{"line":161,"column":30},"end":{"line":161,"column":66}},"76":{"start":{"line":162,"column":8},"end":{"line":163,"column":72}},"77":{"start":{"line":163,"column":12},"end":{"line":163,"column":72}},"78":{"start":{"line":165,"column":30},"end":{"line":165,"column":84}},"79":{"start":{"line":166,"column":8},"end":{"line":175,"column":9}},"80":{"start":{"line":167,"column":32},"end":{"line":167,"column":70}},"81":{"start":{"line":168,"column":12},"end":{"line":172,"column":13}},"82":{"start":{"line":169,"column":16},"end":{"line":169,"column":98}},"83":{"start":{"line":171,"column":16},"end":{"line":171,"column":85}},"84":{"start":{"line":174,"column":12},"end":{"line":174,"column":73}},"85":{"start":{"line":178,"column":8},"end":{"line":178,"column":98}},"86":{"start":{"line":182,"column":0},"end":{"line":182,"column":24}}},"fnMap":{"0":{"name":"(anonymous_0)","decl":{"start":{"line":15,"column":59},"end":{"line":15,"column":60}},"loc":{"start":{"line":15,"column":79},"end":{"line":46,"column":1}},"line":15},"1":{"name":"(anonymous_1)","decl":{"start":{"line":49,"column":60},"end":{"line":49,"column":61}},"loc":{"start":{"line":49,"column":80},"end":{"line":69,"column":1}},"line":49},"2":{"name":"(anonymous_2)","decl":{"start":{"line":72,"column":19},"end":{"line":72,"column":20}},"loc":{"start":{"line":72,"column":39},"end":{"line":80,"column":1}},"line":72},"3":{"name":"(anonymous_3)","decl":{"start":{"line":83,"column":82},"end":{"line":83,"column":83}},"loc":{"start":{"line":83,"column":102},"end":{"line":96,"column":1}},"line":83},"4":{"name":"(anonymous_4)","decl":{"start":{"line":99,"column":122},"end":{"line":99,"column":123}},"loc":{"start":{"line":99,"column":142},"end":{"line":153,"column":1}},"line":99},"5":{"name":"(anonymous_5)","decl":{"start":{"line":156,"column":63},"end":{"line":156,"column":64}},"loc":{"start":{"line":156,"column":83},"end":{"line":180,"column":1}},"line":156}},"branchMap":{"0":{"loc":{"start":{"line":21,"column":8},"end":{"line":22,"column":102}},"type":"if","locations":[{"start":{"line":21,"column":8},"end":{"line":22,"column":102}},{"start":{},"end":{}}],"line":21},"1":{"loc":{"start":{"line":26,"column":8},"end":{"line":27,"column":106}},"type":"if","locations":[{"start":{"line":26,"column":8},"end":{"line":27,"column":106}},{"start":{},"end":{}}],"line":26},"2":{"loc":{"start":{"line":41,"column":8},"end":{"line":43,"column":9}},"type":"if","locations":[{"start":{"line":41,"column":8},"end":{"line":43,"column":9}},{"start":{},"end":{}}],"line":41},"3":{"loc":{"start":{"line":55,"column":8},"end":{"line":57,"column":9}},"type":"if","locations":[{"start":{"line":55,"column":8},"end":{"line":57,"column":9}},{"start":{},"end":{}}],"line":55},"4":{"loc":{"start":{"line":61,"column":8},"end":{"line":63,"column":9}},"type":"if","locations":[{"start":{"line":61,"column":8},"end":{"line":63,"column":9}},{"start":{},"end":{}}],"line":61},"5":{"loc":{"start":{"line":89,"column":8},"end":{"line":90,"column":75}},"type":"if","locations":[{"start":{"line":89,"column":8},"end":{"line":90,"column":75}},{"start":{},"end":{}}],"line":89},"6":{"loc":{"start":{"line":106,"column":8},"end":{"line":108,"column":9}},"type":"if","locations":[{"start":{"line":106,"column":8},"end":{"line":108,"column":9}},{"start":{},"end":{}}],"line":106},"7":{"loc":{"start":{"line":114,"column":8},"end":{"line":122,"column":9}},"type":"if","locations":[{"start":{"line":114,"column":8},"end":{"line":122,"column":9}},{"start":{},"end":{}}],"line":114},"8":{"loc":{"start":{"line":114,"column":12},"end":{"line":114,"column":51}},"type":"binary-expr","locations":[{"start":{"line":114,"column":12},"end":{"line":114,"column":23}},{"start":{"line":114,"column":27},"end":{"line":114,"column":51}}],"line":114},"9":{"loc":{"start":{"line":116,"column":12},"end":{"line":119,"column":13}},"type":"if","locations":[{"start":{"line":116,"column":12},"end":{"line":119,"column":13}},{"start":{},"end":{}}],"line":116},"10":{"loc":{"start":{"line":125,"column":8},"end":{"line":131,"column":9}},"type":"if","locations":[{"start":{"line":125,"column":8},"end":{"line":131,"column":9}},{"start":{},"end":{}}],"line":125},"11":{"loc":{"start":{"line":125,"column":12},"end":{"line":125,"column":50}},"type":"binary-expr","locations":[{"start":{"line":125,"column":12},"end":{"line":125,"column":17}},{"start":{"line":125,"column":21},"end":{"line":125,"column":50}}],"line":125},"12":{"loc":{"start":{"line":127,"column":12},"end":{"line":129,"column":13}},"type":"if","locations":[{"start":{"line":127,"column":12},"end":{"line":129,"column":13}},{"start":{},"end":{}}],"line":127},"13":{"loc":{"start":{"line":134,"column":8},"end":{"line":137,"column":9}},"type":"if","locations":[{"start":{"line":134,"column":8},"end":{"line":137,"column":9}},{"start":{},"end":{}}],"line":134},"14":{"loc":{"start":{"line":148,"column":8},"end":{"line":150,"column":9}},"type":"if","locations":[{"start":{"line":148,"column":8},"end":{"line":150,"column":9}},{"start":{},"end":{}}],"line":148},"15":{"loc":{"start":{"line":162,"column":8},"end":{"line":163,"column":72}},"type":"if","locations":[{"start":{"line":162,"column":8},"end":{"line":163,"column":72}},{"start":{},"end":{}}],"line":162},"16":{"loc":{"start":{"line":166,"column":8},"end":{"line":175,"column":9}},"type":"if","locations":[{"start":{"line":166,"column":8},"end":{"line":175,"column":9}},{"start":{"line":173,"column":15},"end":{"line":175,"column":9}}],"line":166},"17":{"loc":{"start":{"line":168,"column":12},"end":{"line":172,"column":13}},"type":"if","locations":[{"start":{"line":168,"column":12},"end":{"line":172,"column":13}},{"start":{"line":170,"column":19},"end":{"line":172,"column":13}}],"line":168}},"s":{"0":3,"1":3,"2":3,"3":3,"4":3,"5":3,"6":3,"7":34,"8":34,"9":34,"10":34,"11":1,"12":33,"13":33,"14":1,"15":32,"16":32,"17":32,"18":32,"19":0,"20":0,"21":0,"22":3,"23":3,"24":3,"25":3,"26":3,"27":1,"28":2,"29":2,"30":1,"31":1,"32":0,"33":3,"34":1,"35":1,"36":1,"37":0,"38":3,"39":1,"40":1,"41":1,"42":1,"43":0,"44":1,"45":0,"46":3,"47":1,"48":1,"49":1,"50":1,"51":1,"52":0,"53":1,"54":1,"55":0,"56":0,"57":0,"58":0,"59":1,"60":1,"61":1,"62":0,"63":1,"64":1,"65":1,"66":1,"67":1,"68":1,"69":0,"70":0,"71":0,"72":3,"73":2,"74":2,"75":2,"76":2,"77":0,"78":2,"79":2,"80":1,"81":1,"82":1,"83":0,"84":1,"85":0,"86":3},"f":{"0":34,"1":3,"2":1,"3":1,"4":1,"5":2},"b":{"0":[1,33],"1":[1,32],"2":[0,0],"3":[1,2],"4":[1,1],"5":[0,1],"6":[0,1],"7":[0,1],"8":[1,1],"9":[0,0],"10":[1,0],"11":[1,1],"12":[0,1],"13":[1,0],"14":[0,0],"15":[0,2],"16":[1,1],"17":[1,0]},"_coverageSchema":"1a1c01bbd47fc00a2c39e90264f33305004495a9","hash":"3da8240bbd207ec8c9beca3d0d05b43f2c30e29f"}
,"C:\\Users\\patel\\OneDrive - SARDAR VALLABHBHAI PATEL INSTITUTE OF TECHNOLOGY, SVIT\\Desktop\\UWin\\Semester 2\\ADT\\Assignment\\Assignment 1\\cinemate\\backend\\routes\\reviews.js": {"path":"C:\\Users\\patel\\OneDrive - SARDAR VALLABHBHAI PATEL INSTITUTE OF TECHNOLOGY, SVIT\\Desktop\\UWin\\Semester 2\\ADT\\Assignment\\Assignment 1\\cinemate\\backend\\routes\\reviews.js","statementMap":{"0":{"start":{"line":1,"column":16},"end":{"line":1,"column":34}},"1":{"start":{"line":2,"column":15},"end":{"line":2,"column":32}},"2":{"start":{"line":3,"column":15},"end":{"line":3,"column":45}},"3":{"start":{"line":4,"column":17},"end":{"line":4,"column":49}},"4":{"start":{"line":5,"column":14},"end":{"line":5,"column":43}},"5":{"start":{"line":7,"column":17},"end":{"line":7,"column":51}},"6":{"start":{"line":13,"column":4},"end":{"line":13,"column":43}},"7":{"start":{"line":15,"column":15},"end":{"line":15,"column":31}},"8":{"start":{"line":18,"column":0},"end":{"line":69,"column":3}},"9":{"start":{"line":19,"column":4},"end":{"line":68,"column":5}},"10":{"start":{"line":20,"column":66},"end":{"line":20,"column":74}},"11":{"start":{"line":22,"column":30},"end":{"line":22,"column":66}},"12":{"start":{"line":23,"column":8},"end":{"line":25,"column":9}},"13":{"start":{"line":24,"column":12},"end":{"line":24,"column":75}},"14":{"start":{"line":27,"column":30},"end":{"line":27,"column":84}},"15":{"start":{"line":28,"column":8},"end":{"line":30,"column":9}},"16":{"start":{"line":29,"column":12},"end":{"line":29,"column":76}},"17":{"start":{"line":32,"column":27},"end":{"line":32,"column":64}},"18":{"start":{"line":33,"column":8},"end":{"line":35,"column":9}},"19":{"start":{"line":34,"column":12},"end":{"line":34,"column":72}},"20":{"start":{"line":38,"column":31},"end":{"line":41,"column":10}},"21":{"start":{"line":42,"column":8},"end":{"line":44,"column":9}},"22":{"start":{"line":43,"column":12},"end":{"line":43,"column":110}},"23":{"start":{"line":47,"column":26},"end":{"line":52,"column":10}},"24":{"start":{"line":54,"column":28},"end":{"line":54,"column":50}},"25":{"start":{"line":55,"column":32},"end":{"line":58,"column":19}},"26":{"start":{"line":61,"column":8},"end":{"line":61,"column":103}},"27":{"start":{"line":64,"column":8},"end":{"line":66,"column":9}},"28":{"start":{"line":65,"column":12},"end":{"line":65,"column":112}},"29":{"start":{"line":67,"column":8},"end":{"line":67,"column":94}},"30":{"start":{"line":72,"column":0},"end":{"line":82,"column":3}},"31":{"start":{"line":73,"column":4},"end":{"line":81,"column":5}},"32":{"start":{"line":74,"column":27},"end":{"line":77,"column":19}},"33":{"start":{"line":78,"column":8},"end":{"line":78,"column":102}},"34":{"start":{"line":80,"column":8},"end":{"line":80,"column":97}},"35":{"start":{"line":85,"column":0},"end":{"line":96,"column":3}},"36":{"start":{"line":86,"column":4},"end":{"line":95,"column":5}},"37":{"start":{"line":87,"column":24},"end":{"line":91,"column":19}},"38":{"start":{"line":92,"column":8},"end":{"line":92,"column":105}},"39":{"start":{"line":94,"column":8},"end":{"line":94,"column":97}},"40":{"start":{"line":99,"column":0},"end":{"line":110,"column":3}},"41":{"start":{"line":100,"column":4},"end":{"line":109,"column":5}},"42":{"start":{"line":101,"column":24},"end":{"line":105,"column":19}},"43":{"start":{"line":106,"column":8},"end":{"line":106,"column":105}},"44":{"start":{"line":108,"column":8},"end":{"line":108,"column":97}},"45":{"start":{"line":113,"column":0},"end":{"line":135,"column":3}},"46":{"start":{"line":114,"column":4},"end":{"line":134,"column":5}},"47":{"start":{"line":115,"column":26},"end":{"line":115,"column":36}},"48":{"start":{"line":117,"column":27},"end":{"line":117,"column":64}},"49":{"start":{"line":118,"column":8},"end":{"line":120,"column":9}},"50":{"start":{"line":119,"column":12},"end":{"line":119,"column":72}},"51":{"start":{"line":122,"column":23},"end":{"line":126,"column":19}},"52":{"start":{"line":128,"column":8},"end":{"line":130,"column":9}},"53":{"start":{"line":129,"column":12},"end":{"line":129,"column":88}},"54":{"start":{"line":131,"column":8},"end":{"line":131,"column":88}},"55":{"start":{"line":133,"column":8},"end":{"line":133,"column":96}},"56":{"start":{"line":138,"column":0},"end":{"line":160,"column":3}},"57":{"start":{"line":139,"column":4},"end":{"line":159,"column":5}},"58":{"start":{"line":140,"column":27},"end":{"line":140,"column":37}},"59":{"start":{"line":142,"column":30},"end":{"line":142,"column":74}},"60":{"start":{"line":143,"column":8},"end":{"line":145,"column":9}},"61":{"start":{"line":144,"column":12},"end":{"line":144,"column":75}},"62":{"start":{"line":147,"column":23},"end":{"line":151,"column":19}},"63":{"start":{"line":153,"column":8},"end":{"line":155,"column":9}},"64":{"start":{"line":154,"column":12},"end":{"line":154,"column":91}},"65":{"start":{"line":156,"column":8},"end":{"line":156,"column":88}},"66":{"start":{"line":158,"column":8},"end":{"line":158,"column":96}},"67":{"start":{"line":162,"column":0},"end":{"line":177,"column":3}},"68":{"start":{"line":163,"column":4},"end":{"line":176,"column":5}},"69":{"start":{"line":164,"column":23},"end":{"line":164,"column":33}},"70":{"start":{"line":165,"column":23},"end":{"line":168,"column":19}},"71":{"start":{"line":169,"column":8},"end":{"line":171,"column":9}},"72":{"start":{"line":170,"column":12},"end":{"line":170,"column":73}},"73":{"start":{"line":172,"column":8},"end":{"line":172,"column":44}},"74":{"start":{"line":173,"column":8},"end":{"line":173,"column":88}},"75":{"start":{"line":175,"column":8},"end":{"line":175,"column":96}},"76":{"start":{"line":179,"column":0},"end":{"line":179,"column":24}}},"fnMap":{"0":{"name":"(anonymous_0)","decl":{"start":{"line":18,"column":50},"end":{"line":18,"column":51}},"loc":{"start":{"line":18,"column":70},"end":{"line":69,"column":1}},"line":18},"1":{"name":"(anonymous_1)","decl":{"start":{"line":72,"column":19},"end":{"line":72,"column":20}},"loc":{"start":{"line":72,"column":39},"end":{"line":82,"column":1}},"line":72},"2":{"name":"(anonymous_2)","decl":{"start":{"line":85,"column":22},"end":{"line":85,"column":23}},"loc":{"start":{"line":85,"column":42},"end":{"line":96,"column":1}},"line":85},"3":{"name":"(anonymous_3)","decl":{"start":{"line":99,"column":22},"end":{"line":99,"column":23}},"loc":{"start":{"line":99,"column":42},"end":{"line":110,"column":1}},"line":99},"4":{"name":"(anonymous_4)","decl":{"start":{"line":113,"column":65},"end":{"line":113,"column":66}},"loc":{"start":{"line":113,"column":85},"end":{"line":135,"column":1}},"line":113},"5":{"name":"(anonymous_5)","decl":{"start":{"line":138,"column":68},"end":{"line":138,"column":69}},"loc":{"start":{"line":138,"column":88},"end":{"line":160,"column":1}},"line":138},"6":{"name":"(anonymous_6)","decl":{"start":{"line":162,"column":70},"end":{"line":162,"column":71}},"loc":{"start":{"line":162,"column":90},"end":{"line":177,"column":1}},"line":162}},"branchMap":{"0":{"loc":{"start":{"line":23,"column":8},"end":{"line":25,"column":9}},"type":"if","locations":[{"start":{"line":23,"column":8},"end":{"line":25,"column":9}},{"start":{},"end":{}}],"line":23},"1":{"loc":{"start":{"line":28,"column":8},"end":{"line":30,"column":9}},"type":"if","locations":[{"start":{"line":28,"column":8},"end":{"line":30,"column":9}},{"start":{},"end":{}}],"line":28},"2":{"loc":{"start":{"line":33,"column":8},"end":{"line":35,"column":9}},"type":"if","locations":[{"start":{"line":33,"column":8},"end":{"line":35,"column":9}},{"start":{},"end":{}}],"line":33},"3":{"loc":{"start":{"line":42,"column":8},"end":{"line":44,"column":9}},"type":"if","locations":[{"start":{"line":42,"column":8},"end":{"line":44,"column":9}},{"start":{},"end":{}}],"line":42},"4":{"loc":{"start":{"line":64,"column":8},"end":{"line":66,"column":9}},"type":"if","locations":[{"start":{"line":64,"column":8},"end":{"line":66,"column":9}},{"start":{},"end":{}}],"line":64},"5":{"loc":{"start":{"line":118,"column":8},"end":{"line":120,"column":9}},"type":"if","locations":[{"start":{"line":118,"column":8},"end":{"line":120,"column":9}},{"start":{},"end":{}}],"line":118},"6":{"loc":{"start":{"line":128,"column":8},"end":{"line":130,"column":9}},"type":"if","locations":[{"start":{"line":128,"column":8},"end":{"line":130,"column":9}},{"start":{},"end":{}}],"line":128},"7":{"loc":{"start":{"line":128,"column":12},"end":{"line":128,"column":42}},"type":"binary-expr","locations":[{"start":{"line":128,"column":12},"end":{"line":128,"column":19}},{"start":{"line":128,"column":23},"end":{"line":128,"column":42}}],"line":128},"8":{"loc":{"start":{"line":143,"column":8},"end":{"line":145,"column":9}},"type":"if","locations":[{"start":{"line":143,"column":8},"end":{"line":145,"column":9}},{"start":{},"end":{}}],"line":143},"9":{"loc":{"start":{"line":153,"column":8},"end":{"line":155,"column":9}},"type":"if","locations":[{"start":{"line":153,"column":8},"end":{"line":155,"column":9}},{"start":{},"end":{}}],"line":153},"10":{"loc":{"start":{"line":153,"column":12},"end":{"line":153,"column":42}},"type":"binary-expr","locations":[{"start":{"line":153,"column":12},"end":{"line":153,"column":19}},{"start":{"line":153,"column":23},"end":{"line":153,"column":42}}],"line":153},"11":{"loc":{"start":{"line":169,"column":8},"end":{"line":171,"column":9}},"type":"if","locations":[{"start":{"line":169,"column":8},"end":{"line":171,"column":9}},{"start":{},"end":{}}],"line":169}},"s":{"0":3,"1":3,"2":3,"3":3,"4":3,"5":3,"6":3,"7":3,"8":3,"9":4,"10":4,"11":4,"12":4,"13":0,"14":4,"15":4,"16":0,"17":4,"18":4,"19":0,"20":4,"21":4,"22":0,"23":4,"24":4,"25":4,"26":4,"27":0,"28":0,"29":0,"30":3,"31":2,"32":2,"33":2,"34":0,"35":3,"36":1,"37":1,"38":1,"39":0,"40":3,"41":1,"42":1,"43":1,"44":0,"45":3,"46":1,"47":1,"48":1,"49":1,"50":1,"51":0,"52":0,"53":0,"54":0,"55":0,"56":3,"57":0,"58":0,"59":0,"60":0,"61":0,"62":0,"63":0,"64":0,"65":0,"66":0,"67":3,"68":1,"69":1,"70":1,"71":1,"72":1,"73":0,"74":0,"75":0,"76":3},"f":{"0":4,"1":2,"2":1,"3":1,"4":1,"5":0,"6":1},"b":{"0":[0,4],"1":[0,4],"2":[0,4],"3":[0,4],"4":[0,0],"5":[1,0],"6":[0,0],"7":[0,0],"8":[0,0],"9":[0,0],"10":[0,0],"11":[1,0]},"_coverageSchema":"1a1c01bbd47fc00a2c39e90264f33305004495a9","hash":"1ef86143c22b463ff49b448a6763eb6df84daac2"}
,"C:\\Users\\patel\\OneDrive - SARDAR VALLABHBHAI PATEL INSTITUTE OF TECHNOLOGY, SVIT\\Desktop\\UWin\\Semester 2\\ADT\\Assignment\\Assignment 1\\cinemate\\backend\\validator\\middleware.js": {"path":"C:\\Users\\patel\\OneDrive - SARDAR VALLABHBHAI PATEL INSTITUTE OF TECHNOLOGY, SVIT\\Desktop\\UWin\\Semester 2\\ADT\\Assignment\\Assignment 1\\cinemate\\backend\\validator\\middleware.js","statementMap":{"0":{"start":{"line":1,"column":17},"end":{"line":17,"column":1}},"1":{"start":{"line":2,"column":2},"end":{"line":16,"column":4}},"2":{"start":{"line":3,"column":4},"end":{"line":5,"column":5}},"3":{"start":{"line":4,"column":6},"end":{"line":4,"column":76}},"4":{"start":{"line":6,"column":17},"end":{"line":6,"column":34}},"5":{"start":{"line":7,"column":29},"end":{"line":7,"column":93}},"6":{"start":{"line":8,"column":4},"end":{"line":13,"column":5}},"7":{"start":{"line":9,"column":6},"end":{"line":12,"column":9}},"8":{"start":{"line":11,"column":40},"end":{"line":11,"column":49}},"9":{"start":{"line":14,"column":4},"end":{"line":14,"column":24}},"10":{"start":{"line":15,"column":4},"end":{"line":15,"column":11}},"11":{"start":{"line":19,"column":0},"end":{"line":19,"column":26}}},"fnMap":{"0":{"name":"(anonymous_0)","decl":{"start":{"line":1,"column":17},"end":{"line":1,"column":18}},"loc":{"start":{"line":1,"column":46},"end":{"line":17,"column":1}},"line":1},"1":{"name":"(anonymous_1)","decl":{"start":{"line":2,"column":9},"end":{"line":2,"column":10}},"loc":{"start":{"line":2,"column":29},"end":{"line":16,"column":3}},"line":2},"2":{"name":"(anonymous_2)","decl":{"start":{"line":11,"column":35},"end":{"line":11,"column":36}},"loc":{"start":{"line":11,"column":40},"end":{"line":11,"column":49}},"line":11}},"branchMap":{"0":{"loc":{"start":{"line":1,"column":26},"end":{"line":1,"column":41}},"type":"default-arg","locations":[{"start":{"line":1,"column":35},"end":{"line":1,"column":41}}],"line":1},"1":{"loc":{"start":{"line":3,"column":4},"end":{"line":5,"column":5}},"type":"if","locations":[{"start":{"line":3,"column":4},"end":{"line":5,"column":5}},{"start":{},"end":{}}],"line":3},"2":{"loc":{"start":{"line":6,"column":17},"end":{"line":6,"column":34}},"type":"binary-expr","locations":[{"start":{"line":6,"column":17},"end":{"line":6,"column":28}},{"start":{"line":6,"column":32},"end":{"line":6,"column":34}}],"line":6},"3":{"loc":{"start":{"line":8,"column":4},"end":{"line":13,"column":5}},"type":"if","locations":[{"start":{"line":8,"column":4},"end":{"line":13,"column":5}},{"start":{},"end":{}}],"line":8}},"s":{"0":3,"1":45,"2":82,"3":0,"4":82,"5":82,"6":82,"7":9,"8":15,"9":73,"10":73,"11":3},"f":{"0":45,"1":82,"2":15},"b":{"0":[15],"1":[0,82],"2":[82,0],"3":[9,73]},"_coverageSchema":"1a1c01bbd47fc00a2c39e90264f33305004495a9","hash":"a28ec072c5fcdb232ae8eb7f63aed4546413dbdc"}
,"C:\\Users\\patel\\OneDrive - SARDAR VALLABHBHAI PATEL INSTITUTE OF TECHNOLOGY, SVIT\\Desktop\\UWin\\Semester 2\\ADT\\Assignment\\Assignment 1\\cinemate\\backend\\validator\\movieValidator.js": {"path":"C:\\Users\\patel\\OneDrive - SARDAR VALLABHBHAI PATEL INSTITUTE OF TECHNOLOGY, SVIT\\Desktop\\UWin\\Semester 2\\ADT\\Assignment\\Assignment 1\\cinemate\\backend\\validator\\movieValidator.js","statementMap":{"0":{"start":{"line":1,"column":12},"end":{"line":1,"column":26}},"1":{"start":{"line":4,"column":14},"end":{"line":4,"column":67}},"2":{"start":{"line":5,"column":20},"end":{"line":5,"column":86}},"3":{"start":{"line":6,"column":14},"end":{"line":6,"column":73}},"4":{"start":{"line":9,"column":17},"end":{"line":9,"column":55}},"5":{"start":{"line":10,"column":17},"end":{"line":10,"column":44}},"6":{"start":{"line":13,"column":28},"end":{"line":19,"column":2}},"7":{"start":{"line":21,"column":25},"end":{"line":23,"column":2}},"8":{"start":{"line":25,"column":0},"end":{"line":28,"column":2}}},"fnMap":{},"branchMap":{},"s":{"0":3,"1":3,"2":3,"3":3,"4":3,"5":3,"6":3,"7":3,"8":3},"f":{},"b":{},"_coverageSchema":"1a1c01bbd47fc00a2c39e90264f33305004495a9","hash":"13d7ef23274e9d430e011709adca147708868236"}
,"C:\\Users\\patel\\OneDrive - SARDAR VALLABHBHAI PATEL INSTITUTE OF TECHNOLOGY, SVIT\\Desktop\\UWin\\Semester 2\\ADT\\Assignment\\Assignment 1\\cinemate\\backend\\validator\\reviewValidator.js": {"path":"C:\\Users\\patel\\OneDrive - SARDAR VALLABHBHAI PATEL INSTITUTE OF TECHNOLOGY, SVIT\\Desktop\\UWin\\Semester 2\\ADT\\Assignment\\Assignment 1\\cinemate\\backend\\validator\\reviewValidator.js","statementMap":{"0":{"start":{"line":1,"column":12},"end":{"line":1,"column":26}},"1":{"start":{"line":4,"column":17},"end":{"line":4,"column":55}},"2":{"start":{"line":5,"column":17},"end":{"line":5,"column":44}},"3":{"start":{"line":6,"column":14},"end":{"line":6,"column":67}},"4":{"start":{"line":7,"column":19},"end":{"line":7,"column":48}},"5":{"start":{"line":8,"column":15},"end":{"line":8,"column":55}},"6":{"start":{"line":9,"column":17},"end":{"line":9,"column":46}},"7":{"start":{"line":12,"column":27},"end":{"line":18,"column":2}},"8":{"start":{"line":20,"column":24},"end":{"line":22,"column":2}},"9":{"start":{"line":24,"column":25},"end":{"line":26,"column":2}},"10":{"start":{"line":28,"column":28},"end":{"line":30,"column":2}},"11":{"start":{"line":32,"column":0},"end":{"line":37,"column":2}}},"fnMap":{},"branchMap":{},"s":{"0":3,"1":3,"2":3,"3":3,"4":3,"5":3,"6":3,"7":3,"8":3,"9":3,"10":3,"11":3},"f":{},"b":{},"_coverageSchema":"1a1c01bbd47fc00a2c39e90264f33305004495a9","hash":"8ba8771310ac54b4fedea416cae9d660eaccd1db"}
,"C:\\Users\\patel\\OneDrive - SARDAR VALLABHBHAI PATEL INSTITUTE OF TECHNOLOGY, SVIT\\Desktop\\UWin\\Semester 2\\ADT\\Assignment\\Assignment 1\\cinemate\\backend\\validator\\reviewerValidator.js": {"path":"C:\\Users\\patel\\OneDrive - SARDAR VALLABHBHAI PATEL INSTITUTE OF TECHNOLOGY, SVIT\\Desktop\\UWin\\Semester 2\\ADT\\Assignment\\Assignment 1\\cinemate\\backend\\validator\\reviewerValidator.js","statementMap":{"0":{"start":{"line":1,"column":12},"end":{"line":1,"column":26}},"1":{"start":{"line":4,"column":17},"end":{"line":4,"column":55}},"2":{"start":{"line":5,"column":14},"end":{"line":5,"column":34}},"3":{"start":{"line":6,"column":17},"end":{"line":6,"column":44}},"4":{"start":{"line":9,"column":31},"end":{"line":13,"column":2}},"5":{"start":{"line":15,"column":35},"end":{"line":18,"column":2}},"6":{"start":{"line":20,"column":35},"end":{"line":22,"column":2}},"7":{"start":{"line":24,"column":0},"end":{"line":28,"column":2}}},"fnMap":{},"branchMap":{},"s":{"0":3,"1":3,"2":3,"3":3,"4":3,"5":3,"6":3,"7":3},"f":{},"b":{},"_coverageSchema":"1a1c01bbd47fc00a2c39e90264f33305004495a9","hash":"4909aea9d5498d458e9fb5cdb2be092cf001597d"}
}
