TN:
SF:app.js
FN:16,(anonymous_0)
FN:17,(anonymous_1)
FN:24,(anonymous_2)
FN:30,(anonymous_3)
FNF:4
FNH:0
FNDA:0,(anonymous_0)
FNDA:0,(anonymous_1)
FNDA:0,(anonymous_2)
FNDA:0,(anonymous_3)
DA:1,3
DA:2,3
DA:4,3
DA:5,3
DA:6,3
DA:8,3
DA:9,3
DA:11,3
DA:13,3
DA:14,0
DA:16,0
DA:17,0
DA:20,3
DA:21,3
DA:22,3
DA:24,3
DA:25,0
DA:28,3
DA:29,3
DA:30,0
DA:31,0
DA:35,3
LF:22
LH:16
BRDA:13,0,0,0
BRDA:13,0,1,3
BRDA:29,1,0,0
BRDA:29,1,1,3
BRF:4
BRH:2
end_of_record
TN:
SF:models\movie.js
FNF:0
FNH:0
DA:1,3
DA:2,3
DA:4,3
DA:25,3
LF:4
LH:4
BRF:0
BRH:0
end_of_record
TN:
SF:models\review.js
FNF:0
FNH:0
DA:1,3
DA:2,3
DA:4,3
DA:29,3
LF:4
LH:4
BRF:0
BRH:0
end_of_record
TN:
SF:models\reviewer.js
FNF:0
FNH:0
DA:1,3
DA:2,3
DA:4,3
DA:25,3
LF:4
LH:4
BRF:0
BRH:0
end_of_record
TN:
SF:routes\movies.js
FN:15,(anonymous_0)
FN:58,(anonymous_1)
FN:69,(anonymous_2)
FN:84,(anonymous_3)
FN:147,(anonymous_4)
FNF:5
FNH:5
FNDA:16,(anonymous_0)
FNDA:2,(anonymous_1)
FNDA:1,(anonymous_2)
FNDA:2,(anonymous_3)
FNDA:3,(anonymous_4)
DA:1,3
DA:2,3
DA:3,3
DA:4,3
DA:6,3
DA:10,3
DA:12,3
DA:15,3
DA:16,16
DA:17,16
DA:20,16
DA:21,16
DA:22,0
DA:26,16
DA:27,16
DA:28,0
DA:32,16
DA:33,16
DA:34,1
DA:37,15
DA:45,15
DA:46,15
DA:47,15
DA:50,0
DA:51,0
DA:53,0
DA:58,3
DA:59,2
DA:61,2
DA:62,2
DA:64,0
DA:69,3
DA:70,1
DA:71,1
DA:73,1
DA:74,1
DA:75,1
DA:77,0
DA:79,0
DA:84,3
DA:85,2
DA:86,2
DA:87,2
DA:90,2
DA:91,2
DA:92,0
DA:96,2
DA:97,2
DA:98,0
DA:102,2
DA:103,2
DA:104,0
DA:108,2
DA:109,1
DA:113,1
DA:116,1
DA:117,1
DA:118,1
DA:120,0
DA:123,1
DA:127,1
DA:128,1
DA:131,1
DA:137,1
DA:139,0
DA:140,0
DA:142,0
DA:147,3
DA:148,3
DA:149,3
DA:150,3
DA:153,3
DA:154,3
DA:155,0
DA:159,3
DA:160,3
DA:161,0
DA:165,3
DA:166,3
DA:167,1
DA:171,2
DA:172,1
DA:175,1
DA:176,1
DA:179,0
DA:183,3
LF:86
LH:68
BRDA:21,0,0,0
BRDA:21,0,1,16
BRDA:27,1,0,0
BRDA:27,1,1,16
BRDA:33,2,0,1
BRDA:33,2,1,15
BRDA:50,3,0,0
BRDA:50,3,1,0
BRDA:74,4,0,1
BRDA:74,4,1,0
BRDA:91,5,0,0
BRDA:91,5,1,2
BRDA:97,6,0,0
BRDA:97,6,1,2
BRDA:103,7,0,0
BRDA:103,7,1,2
BRDA:108,8,0,1
BRDA:108,8,1,1
BRDA:116,9,0,1
BRDA:116,9,1,0
BRDA:116,10,0,1
BRDA:116,10,1,1
BRDA:118,11,0,0
BRDA:118,11,1,1
BRDA:127,12,0,1
BRDA:127,12,1,0
BRDA:128,13,0,1
BRDA:128,13,1,0
BRDA:139,14,0,0
BRDA:139,14,1,0
BRDA:154,15,0,0
BRDA:154,15,1,3
BRDA:160,16,0,0
BRDA:160,16,1,3
BRDA:166,17,0,1
BRDA:166,17,1,2
BRDA:171,18,0,1
BRDA:171,18,1,1
BRF:38
BRH:22
end_of_record
TN:
SF:routes\reviewers.js
FN:15,(anonymous_0)
FN:49,(anonymous_1)
FN:72,(anonymous_2)
FN:83,(anonymous_3)
FN:99,(anonymous_4)
FN:156,(anonymous_5)
FNF:6
FNH:6
FNDA:34,(anonymous_0)
FNDA:3,(anonymous_1)
FNDA:1,(anonymous_2)
FNDA:1,(anonymous_3)
FNDA:1,(anonymous_4)
FNDA:2,(anonymous_5)
DA:1,3
DA:2,3
DA:3,3
DA:5,3
DA:10,3
DA:12,3
DA:15,3
DA:16,34
DA:17,34
DA:20,34
DA:21,34
DA:22,1
DA:25,33
DA:26,33
DA:27,1
DA:30,32
DA:31,32
DA:38,32
DA:39,32
DA:41,0
DA:42,0
DA:44,0
DA:49,3
DA:50,3
DA:51,3
DA:54,3
DA:55,3
DA:56,1
DA:60,2
DA:61,2
DA:62,1
DA:65,1
DA:67,0
DA:72,3
DA:73,1
DA:75,1
DA:76,1
DA:78,0
DA:83,3
DA:84,1
DA:85,1
DA:88,1
DA:89,1
DA:90,0
DA:92,1
DA:94,0
DA:99,3
DA:100,1
DA:101,1
DA:102,1
DA:105,1
DA:106,1
DA:107,0
DA:111,1
DA:114,1
DA:115,0
DA:116,0
DA:118,0
DA:121,0
DA:125,1
DA:126,1
DA:127,1
DA:128,0
DA:130,1
DA:134,1
DA:135,1
DA:136,1
DA:140,1
DA:146,1
DA:148,0
DA:149,0
DA:151,0
DA:156,3
DA:157,2
DA:158,2
DA:161,2
DA:162,2
DA:163,0
DA:165,2
DA:166,2
DA:167,1
DA:168,1
DA:169,1
DA:171,0
DA:174,1
DA:178,0
DA:182,3
LF:87
LH:68
BRDA:21,0,0,1
BRDA:21,0,1,33
BRDA:26,1,0,1
BRDA:26,1,1,32
BRDA:41,2,0,0
BRDA:41,2,1,0
BRDA:55,3,0,1
BRDA:55,3,1,2
BRDA:61,4,0,1
BRDA:61,4,1,1
BRDA:89,5,0,0
BRDA:89,5,1,1
BRDA:106,6,0,0
BRDA:106,6,1,1
BRDA:114,7,0,0
BRDA:114,7,1,1
BRDA:114,8,0,1
BRDA:114,8,1,1
BRDA:116,9,0,0
BRDA:116,9,1,0
BRDA:125,10,0,1
BRDA:125,10,1,0
BRDA:125,11,0,1
BRDA:125,11,1,1
BRDA:127,12,0,0
BRDA:127,12,1,1
BRDA:134,13,0,1
BRDA:134,13,1,0
BRDA:148,14,0,0
BRDA:148,14,1,0
BRDA:162,15,0,0
BRDA:162,15,1,2
BRDA:166,16,0,1
BRDA:166,16,1,1
BRDA:168,17,0,1
BRDA:168,17,1,0
BRF:36
BRH:22
end_of_record
TN:
SF:routes\reviews.js
FN:18,(anonymous_0)
FN:72,(anonymous_1)
FN:85,(anonymous_2)
FN:99,(anonymous_3)
FN:113,(anonymous_4)
FN:138,(anonymous_5)
FN:162,(anonymous_6)
FNF:7
FNH:6
FNDA:4,(anonymous_0)
FNDA:2,(anonymous_1)
FNDA:1,(anonymous_2)
FNDA:1,(anonymous_3)
FNDA:1,(anonymous_4)
FNDA:0,(anonymous_5)
FNDA:1,(anonymous_6)
DA:1,3
DA:2,3
DA:3,3
DA:4,3
DA:5,3
DA:7,3
DA:13,3
DA:15,3
DA:18,3
DA:19,4
DA:20,4
DA:22,4
DA:23,4
DA:24,0
DA:27,4
DA:28,4
DA:29,0
DA:32,4
DA:33,4
DA:34,0
DA:38,4
DA:42,4
DA:43,0
DA:47,4
DA:54,4
DA:55,4
DA:61,4
DA:64,0
DA:65,0
DA:67,0
DA:72,3
DA:73,2
DA:74,2
DA:78,2
DA:80,0
DA:85,3
DA:86,1
DA:87,1
DA:92,1
DA:94,0
DA:99,3
DA:100,1
DA:101,1
DA:106,1
DA:108,0
DA:113,3
DA:114,1
DA:115,1
DA:117,1
DA:118,1
DA:119,1
DA:122,0
DA:128,0
DA:129,0
DA:131,0
DA:133,0
DA:138,3
DA:139,0
DA:140,0
DA:142,0
DA:143,0
DA:144,0
DA:147,0
DA:153,0
DA:154,0
DA:156,0
DA:158,0
DA:162,3
DA:163,1
DA:164,1
DA:165,1
DA:169,1
DA:170,1
DA:172,0
DA:173,0
DA:175,0
DA:179,3
LF:77
LH:49
BRDA:23,0,0,0
BRDA:23,0,1,4
BRDA:28,1,0,0
BRDA:28,1,1,4
BRDA:33,2,0,0
BRDA:33,2,1,4
BRDA:42,3,0,0
BRDA:42,3,1,4
BRDA:64,4,0,0
BRDA:64,4,1,0
BRDA:118,5,0,1
BRDA:118,5,1,0
BRDA:128,6,0,0
BRDA:128,6,1,0
BRDA:128,7,0,0
BRDA:128,7,1,0
BRDA:143,8,0,0
BRDA:143,8,1,0
BRDA:153,9,0,0
BRDA:153,9,1,0
BRDA:153,10,0,0
BRDA:153,10,1,0
BRDA:169,11,0,1
BRDA:169,11,1,0
BRF:24
BRH:6
end_of_record
TN:
SF:validator\middleware.js
FN:1,(anonymous_0)
FN:2,(anonymous_1)
FN:11,(anonymous_2)
FNF:3
FNH:3
FNDA:45,(anonymous_0)
FNDA:82,(anonymous_1)
FNDA:15,(anonymous_2)
DA:1,3
DA:2,45
DA:3,82
DA:4,0
DA:6,82
DA:7,82
DA:8,82
DA:9,9
DA:11,15
DA:14,73
DA:15,73
DA:19,3
LF:12
LH:11
BRDA:1,0,0,15
BRDA:3,1,0,0
BRDA:3,1,1,82
BRDA:6,2,0,82
BRDA:6,2,1,0
BRDA:8,3,0,9
BRDA:8,3,1,73
BRF:7
BRH:5
end_of_record
TN:
SF:validator\movieValidator.js
FNF:0
FNH:0
DA:1,3
DA:4,3
DA:5,3
DA:6,3
DA:9,3
DA:10,3
DA:13,3
DA:21,3
DA:25,3
LF:9
LH:9
BRF:0
BRH:0
end_of_record
TN:
SF:validator\reviewValidator.js
FNF:0
FNH:0
DA:1,3
DA:4,3
DA:5,3
DA:6,3
DA:7,3
DA:8,3
DA:9,3
DA:12,3
DA:20,3
DA:24,3
DA:28,3
DA:32,3
LF:12
LH:12
BRF:0
BRH:0
end_of_record
TN:
SF:validator\reviewerValidator.js
FNF:0
FNH:0
DA:1,3
DA:4,3
DA:5,3
DA:6,3
DA:9,3
DA:15,3
DA:20,3
DA:24,3
LF:8
LH:8
BRF:0
BRH:0
end_of_record
